#
# A fatal error has been detected by the Java Runtime Environment:
#
#  SIGSEGV (0xb) at pc=0x00007ff803767572, pid=11493, tid=10243
#
# JRE version:  (17.0.1+12) (build )
# Java VM: OpenJDK 64-Bit Server VM (17.0.1+12-39, mixed mode, sharing, tiered, compressed oops, compressed class ptrs, g1 gc, bsd-amd64)
# Problematic frame:
# C  [libsystem_platform.dylib+0x1572]  _platform_strlen+0x12
#
# No core dump will be written. Core dumps have been disabled. To enable core dumping, try "ulimit -c unlimited" before starting Java again
#
#

---------------  S U M M A R Y ------------

Command Line: -Xmx64m -Xms64m -Dorg.gradle.appname=gradlew org.gradle.wrapper.GradleWrapperMain -h

Host: "MacBookPro17,1" x86_64 (EMULATED) 2400 MHz, 8 cores, 8G, Darwin 22.1.0, macOS 13.0 (22A380)
Time: Tue Dec 19 23:38:52 2023 WAT elapsed time: 0.086370 seconds (0d 0h 0m 0s)

---------------  T H R E A D  ---------------

Current thread (0x00007fd67180bc00):  JavaThread "Unknown thread" [_thread_in_vm, id=10243, stack(0x0000000305fda000,0x00000003060da000)]

Stack: [0x0000000305fda000,0x00000003060da000],  sp=0x00000003060d9bb0,  free space=1022k
Native frames: (J=compiled Java code, j=interpreted, Vv=VM code, C=native code)
C  [libsystem_platform.dylib+0x1572]  _platform_strlen+0x12
V  [libjvm.dylib+0x2dd327]  ClassLoader::setup_bootstrap_search_path_impl(JavaThread*, char const*)+0x47
V  [libjvm.dylib+0x2e133b]  classLoader_init1()+0x1b
V  [libjvm.dylib+0x4de66a]  init_globals()+0x1a
V  [libjvm.dylib+0x9f4d30]  Threads::create_vm(JavaVMInitArgs*, bool*)+0x3e0
V  [libjvm.dylib+0x5766d5]  JNI_CreateJavaVM+0x65
C  [libjli.dylib+0x4822]  JavaMain+0x122
C  [libjli.dylib+0x77e9]  ThreadJavaMain+0x9
C  [libsystem_pthread.dylib+0x6259]  _pthread_start+0x7d
C  [libsystem_pthread.dylib+0x1c7b]  thread_start+0xf


siginfo: si_signo: 11 (SIGSEGV), si_code: 1 (SEGV_MAPERR), si_addr: 0x0000000000000000

Registers:
RAX=0x00000000000003d8, RBX=0x00007fd67180bc00, RCX=0x0000000000000000, RDX=0x0000000000000000
RSP=0x00000003060d9bb0, RBP=0x00000003060d9bb0, RSI=0x0000000000000000, RDI=0x0000000000000000
R8 =0x0000000000000000, R9 =0x0000000000000000, R10=0x00000003060d9ae0, R11=0x00000003060d99c1
R12=0x00007fd67180bc00, R13=0x0000000000100000, R14=0x000000010afff990, R15=0x00000003060d9ee7
RIP=0x00007ff803767572, EFLAGS=0x0000000000000206, ERR=0x0000000000000004
  TRAPNO=0x000000000000000e

Top of Stack: (sp=0x00000003060d9bb0)
0x00000003060d9bb0:   00000003060d9cc0 000000010a66d327
0x00000003060d9bc0:   0000000000000040 000060000076df00
0x00000003060d9bd0:   00000003060d9c00 000000010ac49e20
0x00000003060d9be0:   0000000000000038 0000000000000040
0x00000003060d9bf0:   0000600003c6ba40 00007ff803767794
0x00000003060d9c00:   00000003060d9c60 000000010abe172f
0x00000003060d9c10:   0000600003c6ba40 0000600003c6ba40
0x00000003060d9c20:   00000003060d9c60 000000010ac482db
0x00000003060d9c30:   000000010afda408 0000600003c6ba40
0x00000003060d9c40:   0000000000000004 000000010ae79a3f
0x00000003060d9c50:   00007fd670905360 00007fd670905370
0x00000003060d9c60:   0000000000000000 000000010ac4902d
0x00000003060d9c70:   00007fd67180bc00 0000600002764a20
0x00000003060d9c80:   00007fd670905748 00000000000003d8
0x00000003060d9c90:   00007fd67180bc00 00007fd67180bc00
0x00000003060d9ca0:   00007fd67180bc00 0000000000100000
0x00000003060d9cb0:   000000010afff990 00000003060d9ee7
0x00000003060d9cc0:   00000003060d9ce0 000000010a67133b
0x00000003060d9cd0:   00007fd67180bc00 0000000305fda000
0x00000003060d9ce0:   00000003060d9d00 000000010a86e66a
0x00000003060d9cf0:   0000000000000400 0000000305fda000
0x00000003060d9d00:   00000003060d9e90 000000010ad84d30
0x00000003060d9d10:   0000000000000000 0000000000000000
0x00000003060d9d20:   0000000000000000 0000000000000000
0x00000003060d9d30:   0000000000000000 0000000000000000
0x00000003060d9d40:   0000000000000000 0000000000000000
0x00000003060d9d50:   0000000000000100 0000000000000000
0x00000003060d9d60:   0000000000000000 0000000000000000
0x00000003060d9d70:   0000000000000000 000000010aed1abe
0x00000003060d9d80:   0000000000000000 0000000000000001
0x00000003060d9d90:   00007ff7ffdb77f0 0000000000002803
0x00000003060d9da0:   00000003060d9f70 00007ff7ffd933e0 

Instructions: (pc=0x00007ff803767572)
0x00007ff803767472:   74 09 48 83 c1 01 48 39 d1 72 e3 5d c3 90 55 48
0x00007ff803767482:   89 e5 48 81 e6 ff 00 00 00 48 0f af 35 55 6f 00
0x00007ff803767492:   00 66 48 0f 6e c6 48 89 f8 48 83 fa 40 0f 82 92
0x00007ff8037674a2:   00 00 00 48 81 fa 00 80 00 00 0f 82 3e 00 00 00
0x00007ff8037674b2:   e9 28 00 00 00 66 0f 1f 84 00 00 00 00 00 55 48
0x00007ff8037674c2:   89 e5 48 89 f2 48 31 f6 0f 57 c0 48 89 f8 48 83
0x00007ff8037674d2:   fa 40 72 61 48 81 fa 00 80 00 00 72 11 48 89 d1
0x00007ff8037674e2:   48 89 f0 48 89 fa fc f3 aa 48 89 d0 5d c3 c4 e2
0x00007ff8037674f2:   7d 18 c0 c5 fc 11 07 48 83 c7 20 48 83 e7 e0 48
0x00007ff803767502:   89 f9 48 29 c1 48 29 ca 48 83 ea 40 76 13 c5 fc
0x00007ff803767512:   29 07 c5 fc 29 47 20 48 83 c7 40 48 83 ea 40 77
0x00007ff803767522:   ed c5 fc 11 04 17 c5 fc 11 44 17 20 c5 f8 77 5d
0x00007ff803767532:   c3 48 89 34 17 48 83 ea 08 73 f6 48 83 c2 08 74
0x00007ff803767542:   0b 40 88 74 17 ff 48 83 ea 01 75 f5 5d c3 90 90
0x00007ff803767552:   90 90 90 90 90 90 90 90 90 90 90 90 90 90 55 48
0x00007ff803767562:   89 e5 48 89 f9 48 89 fa 48 83 e7 f0 66 0f ef c0
0x00007ff803767572:   66 0f 74 07 66 0f d7 f0 48 83 e1 0f 48 83 c8 ff
0x00007ff803767582:   48 d3 e0 21 c6 74 17 0f bc c6 48 29 d7 48 01 f8
0x00007ff803767592:   5d c3 66 2e 0f 1f 84 00 00 00 00 00 66 90 48 83
0x00007ff8037675a2:   c7 10 66 0f ef c0 66 0f 74 07 66 0f d7 f0 85 f6
0x00007ff8037675b2:   74 ec eb d3 65 48 8b 0c 25 18 00 00 00 41 89 c8
0x00007ff8037675c2:   31 c0 f0 4c 0f b1 07 0f 85 4a 1f 00 00 e9 00 00
0x00007ff8037675d2:   00 00 55 48 89 e5 41 56 53 41 89 ce 48 89 fb 48
0x00007ff8037675e2:   89 f7 ff d2 48 c7 c6 ff ff ff ff 48 87 33 44 39
0x00007ff8037675f2:   f6 75 05 5b 41 5e 5d c3 48 89 df 44 89 f2 5b 41
0x00007ff803767602:   5e 5d e9 fd 1f 00 00 65 8b 14 25 18 00 00 00 31
0x00007ff803767612:   c0 f0 0f b1 17 75 01 c3 31 f6 e9 82 0a 00 00 55
0x00007ff803767622:   48 89 e5 8b 3f 89 f8 83 c8 01 65 3b 04 25 18 00
0x00007ff803767632:   00 00 75 02 5d c3 e8 13 69 00 00 90 90 90 ba ff
0x00007ff803767642:   ff ff ff 0f bc c7 0f 44 c2 ff c0 c3 66 90 ba ff
0x00007ff803767652:   ff ff ff 48 0f bc c7 0f 44 c2 ff c0 c3 90 ba ff
0x00007ff803767662:   ff ff ff 0f bd c7 0f 44 c2 ff c0 c3 66 90 ba ff 



---------------  P R O C E S S  ---------------

Threads class SMR info:
_java_thread_list=0x000000010b0561d0, length=0, elements={
}

Java Threads: ( => current thread )

Other Threads:

=>0x00007fd67180bc00 (exited) JavaThread "Unknown thread" [_thread_in_vm, id=10243, stack(0x0000000305fda000,0x00000003060da000)]

Threads with active compile tasks:

VM state: not at safepoint (not fully initialized)

VM Mutex/Monitor currently owned by a thread: None

Heap address: 0x0000000000000000, size: 0 MB, Compressed Oops mode: 32-bit

CDS archive(s) mapped at: [0x0000000000000000-0x0000000000000000-0x0000000000000000), size 0, SharedBaseAddress: 0x0000000800000000, ArchiveRelocationMode: 0.
Narrow klass base: 0x0000000000000000, Narrow klass shift: 0, Narrow klass range: 0x0

GC Precious Log:
<Not initialized>

Deoptimization events (0 events):
No events

Classes unloaded (0 events):
No events

Classes redefined (0 events):
No events

Internal exceptions (0 events):
No events

VM Operations (0 events):
No events

Events (2 events):
Event: 0.049 Protecting memory [0x0000000305fda000,0x0000000305fde000] with protection modes 0
Event: 0.083 Loaded shared library /Users/macbook/Library/Java/JavaVirtualMachines/openjdk-17.0.1/Contents/Home/lib/libjava.dylib


Dynamic libraries:
0x0000000109316000 	/Users/macbook/Library/Java/JavaVirtualMachines/openjdk-17.0.1/Contents/Home/lib/libjli.dylib
0x00007ff80f75d000 	/usr/lib/libz.1.dylib
0x00007ff80f847000 	/usr/lib/libSystem.B.dylib
0x00007ff80f842000 	/usr/lib/system/libcache.dylib
0x00007ff80f7fd000 	/usr/lib/system/libcommonCrypto.dylib
0x00007ff80f826000 	/usr/lib/system/libcompiler_rt.dylib
0x00007ff80f81c000 	/usr/lib/system/libcopyfile.dylib
0x00007ff8034fb000 	/usr/lib/system/libcorecrypto.dylib
0x00007ff8035bd000 	/usr/lib/system/libdispatch.dylib
0x00007ff803745000 	/usr/lib/system/libdyld.dylib
0x00007ff80f838000 	/usr/lib/system/libkeymgr.dylib
0x00007ff80f7dc000 	/usr/lib/system/libmacho.dylib
0x00007ff80edca000 	/usr/lib/system/libquarantine.dylib
0x00007ff80f836000 	/usr/lib/system/libremovefile.dylib
0x00007ff80830b000 	/usr/lib/system/libsystem_asl.dylib
0x00007ff80349d000 	/usr/lib/system/libsystem_blocks.dylib
0x00007ff803607000 	/usr/lib/system/libsystem_c.dylib
0x00007ff80f82e000 	/usr/lib/system/libsystem_collections.dylib
0x00007ff80e0cc000 	/usr/lib/system/libsystem_configuration.dylib
0x00007ff80d157000 	/usr/lib/system/libsystem_containermanager.dylib
0x00007ff80f4a7000 	/usr/lib/system/libsystem_coreservices.dylib
0x00007ff806397000 	/usr/lib/system/libsystem_darwin.dylib
0x00007ff80f839000 	/usr/lib/system/libsystem_dnssd.dylib
0x00007ff803604000 	/usr/lib/system/libsystem_featureflags.dylib
0x00007ff803770000 	/usr/lib/system/libsystem_info.dylib
0x00007ff80f770000 	/usr/lib/system/libsystem_m.dylib
0x00007ff803590000 	/usr/lib/system/libsystem_malloc.dylib
0x00007ff80829a000 	/usr/lib/system/libsystem_networkextension.dylib
0x00007ff8067d8000 	/usr/lib/system/libsystem_notify.dylib
0x00007ff80e0d0000 	/usr/lib/system/libsystem_sandbox.dylib
0x00007ff80f833000 	/usr/lib/system/libsystem_secinit.dylib
0x00007ff8036ff000 	/usr/lib/system/libsystem_kernel.dylib
0x00007ff803766000 	/usr/lib/system/libsystem_platform.dylib
0x00007ff803739000 	/usr/lib/system/libsystem_pthread.dylib
0x00007ff809d54000 	/usr/lib/system/libsystem_symptoms.dylib
0x00007ff8034e1000 	/usr/lib/system/libsystem_trace.dylib
0x00007ff80f809000 	/usr/lib/system/libunwind.dylib
0x00007ff8034a1000 	/usr/lib/system/libxpc.dylib
0x00007ff8036e9000 	/usr/lib/libc++abi.dylib
0x00007ff8033cc000 	/usr/lib/libobjc.A.dylib
0x00007ff80f814000 	/usr/lib/liboah.dylib
0x00007ff803690000 	/usr/lib/libc++.1.dylib
0x00007ff81bc46000 	/System/Library/Frameworks/Cocoa.framework/Versions/A/Cocoa
0x00007ff806837000 	/System/Library/Frameworks/AppKit.framework/Versions/C/AppKit
0x00007ff8094e5000 	/System/Library/Frameworks/CoreData.framework/Versions/A/CoreData
0x00007ff80454c000 	/System/Library/Frameworks/Foundation.framework/Versions/C/Foundation
0x00007ff80783c000 	/System/Library/PrivateFrameworks/UIFoundation.framework/Versions/A/UIFoundation
0x00007ffa22789000 	/System/Library/PrivateFrameworks/CollectionViewCore.framework/Versions/A/CollectionViewCore
0x00007ff815c5a000 	/System/Library/PrivateFrameworks/RemoteViewServices.framework/Versions/A/RemoteViewServices
0x00007ff80d91c000 	/System/Library/PrivateFrameworks/XCTTargetBootstrap.framework/Versions/A/XCTTargetBootstrap
0x00007ff811774000 	/System/Library/PrivateFrameworks/InternationalSupport.framework/Versions/A/InternationalSupport
0x00007ff8117fd000 	/System/Library/PrivateFrameworks/UserActivity.framework/Versions/A/UserActivity
0x00007ffb1857e000 	/System/Library/PrivateFrameworks/WindowManagement.framework/Versions/A/WindowManagement
0x00007ff804238000 	/System/Library/Frameworks/SystemConfiguration.framework/Versions/A/SystemConfiguration
0x00007ff810b72000 	/usr/lib/libspindump.dylib
0x00007ff807a09000 	/System/Library/Frameworks/UniformTypeIdentifiers.framework/Versions/A/UniformTypeIdentifiers
0x00007ff80be13000 	/usr/lib/libapp_launch_measurement.dylib
0x00007ff80aa8b000 	/System/Library/PrivateFrameworks/CoreAnalytics.framework/Versions/A/CoreAnalytics
0x00007ff80be16000 	/System/Library/PrivateFrameworks/CoreAutoLayout.framework/Versions/A/CoreAutoLayout
0x00007ff80d1a3000 	/System/Library/Frameworks/Metal.framework/Versions/A/Metal
0x00007ff80e0db000 	/usr/lib/liblangid.dylib
0x00007ff80d921000 	/System/Library/PrivateFrameworks/CoreSVG.framework/Versions/A/CoreSVG
0x00007ff80833d000 	/System/Library/PrivateFrameworks/SkyLight.framework/Versions/A/SkyLight
0x00007ff808726000 	/System/Library/Frameworks/CoreGraphics.framework/Versions/A/CoreGraphics
0x00007ff816334000 	/System/Library/Frameworks/Accelerate.framework/Versions/A/Accelerate
0x00007ff8105e7000 	/System/Library/PrivateFrameworks/IconServices.framework/Versions/A/IconServices
0x00007ff80d186000 	/System/Library/Frameworks/IOSurface.framework/Versions/A/IOSurface
0x00007ff80aab4000 	/usr/lib/libDiagnosticMessagesClient.dylib
0x00007ff819873000 	/System/Library/Frameworks/ApplicationServices.framework/Versions/A/ApplicationServices
0x00007ff80d908000 	/System/Library/PrivateFrameworks/DFRFoundation.framework/Versions/A/DFRFoundation
0x00007ff806103000 	/usr/lib/libicucore.A.dylib
0x00007ff812614000 	/System/Library/Frameworks/AudioToolbox.framework/Versions/A/AudioToolbox
0x00007ff81177f000 	/System/Library/PrivateFrameworks/DataDetectorsCore.framework/Versions/A/DataDetectorsCore
0x00007ff90af72000 	/System/Library/PrivateFrameworks/TextInput.framework/Versions/A/TextInput
0x00007ff8082b2000 	/usr/lib/libMobileGestalt.dylib
0x00007ff80d610000 	/System/Library/Frameworks/Carbon.framework/Versions/A/Frameworks/HIToolbox.framework/Versions/A/HIToolbox
0x00007ff80b7b7000 	/System/Library/Frameworks/QuartzCore.framework/Versions/A/QuartzCore
0x00007ff805d83000 	/System/Library/Frameworks/Security.framework/Versions/A/Security
0x00007ff815c92000 	/System/Library/Frameworks/Carbon.framework/Versions/A/Frameworks/SpeechRecognition.framework/Versions/A/SpeechRecognition
0x00007ff80bb53000 	/System/Library/PrivateFrameworks/CoreUI.framework/Versions/A/CoreUI
0x00007ff805688000 	/System/Library/Frameworks/CoreAudio.framework/Versions/A/CoreAudio
0x00007ff80ab8e000 	/System/Library/Frameworks/DiskArbitration.framework/Versions/A/DiskArbitration
0x00007ff810f8f000 	/System/Library/PrivateFrameworks/MultitouchSupport.framework/Versions/A/MultitouchSupport
0x00007ff8082b1000 	/usr/lib/libenergytrace.dylib
0x00007ff806719000 	/System/Library/Frameworks/IOKit.framework/Versions/A/IOKit
0x00007ff81608b000 	/System/Library/Frameworks/CoreServices.framework/Versions/A/CoreServices
0x00007ff80bdab000 	/System/Library/PrivateFrameworks/PerformanceAnalysis.framework/Versions/A/PerformanceAnalysis
0x00007ffa1877f000 	/System/Library/Frameworks/OpenGL.framework/Versions/A/OpenGL
0x00007ff80be5e000 	/usr/lib/libxml2.2.dylib
0x00007ff80ecde000 	/System/Library/PrivateFrameworks/MobileKeyBag.framework/Versions/A/MobileKeyBag
0x00007ff808f47000 	/System/Library/Frameworks/ColorSync.framework/Versions/A/ColorSync
0x00007ff80379b000 	/System/Library/Frameworks/CoreFoundation.framework/Versions/A/CoreFoundation
0x00007ff80dcbd000 	/System/Library/Frameworks/CoreImage.framework/Versions/A/CoreImage
0x00007ff805499000 	/System/Library/Frameworks/CoreText.framework/Versions/A/CoreText
0x00007ff80d95c000 	/System/Library/Frameworks/ImageIO.framework/Versions/A/ImageIO
0x00007ff80f84d000 	/System/Library/PrivateFrameworks/SoftLinking.framework/Versions/A/SoftLinking
0x00007ff80facc000 	/usr/lib/libcompression.dylib
0x00007ff8116a6000 	/System/Library/PrivateFrameworks/TextureIO.framework/Versions/A/TextureIO
0x00007ff810216000 	/usr/lib/libate.dylib
0x00007ff80ffa7000 	/usr/lib/liblzma.5.dylib
0x00007ff80f849000 	/usr/lib/libfakelink.dylib
0x00007ff807ef5000 	/System/Library/Frameworks/CFNetwork.framework/Versions/A/CFNetwork
0x00007ff80f986000 	/usr/lib/libarchive.2.dylib
0x00007ff813f43000 	/System/Library/Frameworks/Combine.framework/Versions/A/Combine
0x00007ff81208c000 	/usr/lib/swift/libswiftCore.dylib
0x00007ff907fec000 	/usr/lib/swift/libswiftCoreFoundation.dylib
0x00007ff905fee000 	/usr/lib/swift/libswiftDarwin.dylib
0x00007ff8178ae000 	/usr/lib/swift/libswiftDispatch.dylib
0x00007ff908008000 	/usr/lib/swift/libswiftIOKit.dylib
0x00007ff819c9c000 	/usr/lib/swift/libswiftObjectiveC.dylib
0x00007ff907ffd000 	/usr/lib/swift/libswiftXPC.dylib
0x00007ffb1edfa000 	/usr/lib/swift/libswift_Concurrency.dylib
0x00007ffb1ef39000 	/usr/lib/swift/libswift_StringProcessing.dylib
0x00007ff819ca0000 	/usr/lib/swift/libswiftos.dylib
0x00007ff80669e000 	/System/Library/PrivateFrameworks/CoreServicesInternal.framework/Versions/A/CoreServicesInternal
0x00007ff80edf1000 	/usr/lib/libbsm.0.dylib
0x00007ff80f7e1000 	/usr/lib/system/libkxld.dylib
0x00007ff80bddf000 	/System/Library/Frameworks/CoreServices.framework/Versions/A/Frameworks/FSEvents.framework/Versions/A/FSEvents
0x00007ff8063a2000 	/System/Library/Frameworks/CoreServices.framework/Versions/A/Frameworks/CarbonCore.framework/Versions/A/CarbonCore
0x00007ff80aaf7000 	/System/Library/Frameworks/CoreServices.framework/Versions/A/Frameworks/Metadata.framework/Versions/A/Metadata
0x00007ff80f4ad000 	/System/Library/Frameworks/CoreServices.framework/Versions/A/Frameworks/OSServices.framework/Versions/A/OSServices
0x00007ff80fa0e000 	/System/Library/Frameworks/CoreServices.framework/Versions/A/Frameworks/SearchKit.framework/Versions/A/SearchKit
0x00007ff809cdb000 	/System/Library/Frameworks/CoreServices.framework/Versions/A/Frameworks/AE.framework/Versions/A/AE
0x00007ff803c33000 	/System/Library/Frameworks/CoreServices.framework/Versions/A/Frameworks/LaunchServices.framework/Versions/A/LaunchServices
0x00007ff80ff58000 	/System/Library/Frameworks/CoreServices.framework/Versions/A/Frameworks/DictionaryServices.framework/Versions/A/DictionaryServices
0x00007ff80bdec000 	/System/Library/Frameworks/CoreServices.framework/Versions/A/Frameworks/SharedFileList.framework/Versions/A/SharedFileList
0x00007ff80fa9a000 	/usr/lib/libapple_nghttp2.dylib
0x00007ff807ef1000 	/usr/lib/libnetwork.dylib
0x00007ff80995b000 	/usr/lib/libsqlite3.dylib
0x00007ff809d5c000 	/System/Library/Frameworks/Network.framework/Versions/A/Network
0x00007ffb1de26000 	/usr/lib/libCoreEntitlements.dylib
0x00007ffb0bb7b000 	/System/Library/PrivateFrameworks/MessageSecurity.framework/Versions/A/MessageSecurity
0x00007ff809942000 	/System/Library/PrivateFrameworks/ProtocolBuffer.framework/Versions/A/ProtocolBuffer
0x00007ff80f487000 	/System/Library/PrivateFrameworks/AppleFSCompression.framework/Versions/A/AppleFSCompression
0x00007ff80edd9000 	/usr/lib/libcoretls.dylib
0x00007ff80ffc1000 	/usr/lib/libcoretls_cfhelpers.dylib
0x00007ff80fac7000 	/usr/lib/libpam.2.dylib
0x00007ff81002e000 	/usr/lib/libxar.1.dylib
0x00007ff8105c3000 	/usr/lib/libheimdal-asn1.dylib
0x00007ff80f84e000 	/usr/lib/libpcap.A.dylib
0x00007ff809d4b000 	/usr/lib/libdns_services.dylib
0x00007ff80e0d7000 	/System/Library/PrivateFrameworks/AppleSystemInfo.framework/Versions/A/AppleSystemInfo
0x00007ff80eae8000 	/System/Library/PrivateFrameworks/IOMobileFramebuffer.framework/Versions/A/IOMobileFramebuffer
0x00007ff80f497000 	/usr/lib/libbz2.1.0.dylib
0x00007ff80edcd000 	/usr/lib/libCheckFix.dylib
0x00007ff808322000 	/System/Library/PrivateFrameworks/TCC.framework/Versions/A/TCC
0x00007ff80e0dd000 	/System/Library/PrivateFrameworks/CoreNLP.framework/Versions/A/CoreNLP
0x00007ff80aab6000 	/System/Library/PrivateFrameworks/MetadataUtilities.framework/Versions/A/MetadataUtilities
0x00007ff80ee01000 	/usr/lib/libmecab.dylib
0x00007ff8042b7000 	/usr/lib/libCRFSuite.dylib
0x00007ff80ee5b000 	/usr/lib/libgermantok.dylib
0x00007ff80fa75000 	/usr/lib/libThaiTokenizer.dylib
0x00007ff80ab96000 	/System/Library/Frameworks/Accelerate.framework/Versions/A/Frameworks/vImage.framework/Versions/A/vImage
0x00007ff81605e000 	/System/Library/Frameworks/Accelerate.framework/Versions/A/Frameworks/vecLib.framework/Versions/A/vecLib
0x00007ff810070000 	/System/Library/Frameworks/Accelerate.framework/Versions/A/Frameworks/vecLib.framework/Versions/A/libvMisc.dylib
0x00007ff80e8e3000 	/System/Library/Frameworks/Accelerate.framework/Versions/A/Frameworks/vecLib.framework/Versions/A/libvDSP.dylib
0x00007ff803fed000 	/System/Library/Frameworks/Accelerate.framework/Versions/A/Frameworks/vecLib.framework/Versions/A/libBLAS.dylib
0x00007ff80fbab000 	/System/Library/Frameworks/Accelerate.framework/Versions/A/Frameworks/vecLib.framework/Versions/A/libLAPACK.dylib
0x00007ff80ee5e000 	/System/Library/Frameworks/Accelerate.framework/Versions/A/Frameworks/vecLib.framework/Versions/A/libLinearAlgebra.dylib
0x00007ff80fab2000 	/System/Library/Frameworks/Accelerate.framework/Versions/A/Frameworks/vecLib.framework/Versions/A/libSparseBLAS.dylib
0x00007ff80fba5000 	/System/Library/Frameworks/Accelerate.framework/Versions/A/Frameworks/vecLib.framework/Versions/A/libQuadrature.dylib
0x00007ff80e1ca000 	/System/Library/Frameworks/Accelerate.framework/Versions/A/Frameworks/vecLib.framework/Versions/A/libBNNS.dylib
0x00007ff8041c1000 	/System/Library/Frameworks/Accelerate.framework/Versions/A/Frameworks/vecLib.framework/Versions/A/libSparse.dylib
0x00007ffb0aeb8000 	/System/Library/PrivateFrameworks/MIL.framework/Versions/A/MIL
0x00007ff80f883000 	/usr/lib/libiconv.2.dylib
0x00007ff80f7db000 	/usr/lib/libcharset.1.dylib
0x00007ff80bdc3000 	/System/Library/Frameworks/OpenDirectory.framework/Versions/A/Frameworks/CFOpenDirectory.framework/Versions/A/CFOpenDirectory
0x00007ff80bdb7000 	/System/Library/Frameworks/OpenDirectory.framework/Versions/A/OpenDirectory
0x00007ff80ffc3000 	/System/Library/PrivateFrameworks/APFS.framework/Versions/A/APFS
0x00007ff80ed11000 	/System/Library/Frameworks/SecurityFoundation.framework/Versions/A/SecurityFoundation
0x00007ff81003c000 	/usr/lib/libutil.dylib
0x00007ffb0a0be000 	/System/Library/PrivateFrameworks/InstalledContentLibrary.framework/Versions/A/InstalledContentLibrary
0x00007ff8066dd000 	/System/Library/PrivateFrameworks/CoreServicesStore.framework/Versions/A/CoreServicesStore
0x00007ffa212f6000 	/System/Library/PrivateFrameworks/AppleMobileFileIntegrity.framework/Versions/A/AppleMobileFileIntegrity
0x00007ff907fcc000 	/usr/lib/libmis.dylib
0x00007ff916496000 	/System/Library/PrivateFrameworks/MobileSystemServices.framework/Versions/A/MobileSystemServices
0x00007ffa10231000 	/System/Library/PrivateFrameworks/ConfigProfileHelper.framework/Versions/A/ConfigProfileHelper
0x00007ff80fa77000 	/System/Library/PrivateFrameworks/AppleSauce.framework/Versions/A/AppleSauce
0x00007ff804f5e000 	/System/Library/PrivateFrameworks/LanguageModeling.framework/Versions/A/LanguageModeling
0x00007ff810040000 	/usr/lib/libxslt.1.dylib
0x00007ff80f975000 	/usr/lib/libcmph.dylib
0x00007ff80ead6000 	/System/Library/PrivateFrameworks/CoreEmoji.framework/Versions/A/CoreEmoji
0x00007ff80e1c4000 	/System/Library/PrivateFrameworks/LinguisticData.framework/Versions/A/LinguisticData
0x00007ff804177000 	/System/Library/PrivateFrameworks/Lexicon.framework/Versions/A/Lexicon
0x00007ff80ed9f000 	/System/Library/PrivateFrameworks/BackgroundTaskManagement.framework/Versions/A/BackgroundTaskManagement
0x00007ffb1df5c000 	/usr/lib/libTLE.dylib
0x00007ffb1ee7e000 	/usr/lib/swift/libswift_RegexParser.dylib
0x00007ff810e59000 	/System/Library/PrivateFrameworks/AppleJPEG.framework/Versions/A/AppleJPEG
0x00007ff8105a8000 	/usr/lib/libexpat.1.dylib
0x00007ff811503000 	/System/Library/Frameworks/ImageIO.framework/Versions/A/Resources/libPng.dylib
0x00007ff811530000 	/System/Library/Frameworks/ImageIO.framework/Versions/A/Resources/libTIFF.dylib
0x00007ff811620000 	/System/Library/Frameworks/ImageIO.framework/Versions/A/Resources/libGIF.dylib
0x00007ff810ea4000 	/System/Library/Frameworks/ImageIO.framework/Versions/A/Resources/libJP2.dylib
0x00007ff8115c0000 	/System/Library/Frameworks/ImageIO.framework/Versions/A/Resources/libJPEG.dylib
0x00007ff8115b7000 	/System/Library/Frameworks/ImageIO.framework/Versions/A/Resources/libRadiance.dylib
0x00007ff80d4a6000 	/System/Library/PrivateFrameworks/FontServices.framework/libFontParser.dylib
0x00007ff809c81000 	/System/Library/PrivateFrameworks/RunningBoardServices.framework/Versions/A/RunningBoardServices
0x00007ff81c27c000 	/System/Library/PrivateFrameworks/IOSurfaceAccelerator.framework/Versions/A/IOSurfaceAccelerator
0x00007ff810f8b000 	/System/Library/PrivateFrameworks/WatchdogClient.framework/Versions/A/WatchdogClient
0x00007ff8050c0000 	/System/Library/Frameworks/CoreDisplay.framework/Versions/A/CoreDisplay
0x00007ff80d396000 	/System/Library/Frameworks/CoreMedia.framework/Versions/A/CoreMedia
0x00007ff80d19a000 	/System/Library/PrivateFrameworks/IOAccelerator.framework/Versions/A/IOAccelerator
0x00007ff80bf3d000 	/System/Library/Frameworks/CoreVideo.framework/Versions/A/CoreVideo
0x00007ff80fac5000 	/System/Library/Frameworks/MetalPerformanceShaders.framework/Versions/A/MetalPerformanceShaders
0x00007ff810fc8000 	/System/Library/Frameworks/VideoToolbox.framework/Versions/A/VideoToolbox
0x00007ff809bc6000 	/System/Library/PrivateFrameworks/BaseBoard.framework/Versions/A/BaseBoard
0x00007ff8115b0000 	/System/Library/PrivateFrameworks/GPUWrangler.framework/Versions/A/GPUWrangler
0x00007ff811594000 	/System/Library/PrivateFrameworks/IOPresentment.framework/Versions/A/IOPresentment
0x00007ff8115ba000 	/System/Library/PrivateFrameworks/DSExternalDisplay.framework/Versions/A/DSExternalDisplay
0x00007ffb067d7000 	/System/Library/PrivateFrameworks/GPUCompiler.framework/Versions/31001/Libraries/libllvm-flatbuffers.dylib
0x00007ffa18773000 	/System/Library/Frameworks/OpenGL.framework/Versions/A/Libraries/libCoreFSCache.dylib
0x00007ffb067d3000 	/System/Library/PrivateFrameworks/GPUCompiler.framework/Versions/31001/Libraries/libGPUCompilerUtils.dylib
0x00007ff811626000 	/System/Library/PrivateFrameworks/CMCaptureCore.framework/Versions/A/CMCaptureCore
0x00007ffa1b95f000 	/System/Library/Frameworks/ExtensionFoundation.framework/Versions/A/ExtensionFoundation
0x00007ff818027000 	/System/Library/PrivateFrameworks/CoreTime.framework/Versions/A/CoreTime
0x00007ff810b5c000 	/System/Library/PrivateFrameworks/AppServerSupport.framework/Versions/A/AppServerSupport
0x00007ff812ed9000 	/System/Library/PrivateFrameworks/perfdata.framework/Versions/A/perfdata
0x00007ff8051ec000 	/System/Library/PrivateFrameworks/AudioToolboxCore.framework/Versions/A/AudioToolboxCore
0x00007ff80d370000 	/System/Library/PrivateFrameworks/caulk.framework/Versions/A/caulk
0x00007ff8127ab000 	/usr/lib/libAudioStatistics.dylib
0x00007ff907471000 	/System/Library/PrivateFrameworks/SystemPolicy.framework/Versions/A/SystemPolicy
0x00007ff812a44000 	/usr/lib/libSMC.dylib
0x00007ff81baeb000 	/System/Library/Frameworks/CoreMIDI.framework/Versions/A/CoreMIDI
0x00007ff8114d1000 	/usr/lib/libAudioToolboxUtility.dylib
0x00007ff820fb2000 	/System/Library/PrivateFrameworks/OSAServicesClient.framework/Versions/A/OSAServicesClient
0x00007ff812ee6000 	/usr/lib/libperfcheck.dylib
0x00007ff81048c000 	/System/Library/PrivateFrameworks/PlugInKit.framework/Versions/A/PlugInKit
0x00007ff80ed04000 	/System/Library/PrivateFrameworks/AssertionServices.framework/Versions/A/AssertionServices
0x00007ffa187ce000 	/System/Library/Frameworks/OpenGL.framework/Versions/A/Libraries/libGLU.dylib
0x00007ffa18792000 	/System/Library/Frameworks/OpenGL.framework/Versions/A/Libraries/libGFXShared.dylib
0x00007ffa1899b000 	/System/Library/Frameworks/OpenGL.framework/Versions/A/Libraries/libGL.dylib
0x00007ffa1879b000 	/System/Library/Frameworks/OpenGL.framework/Versions/A/Libraries/libGLImage.dylib
0x00007ffa1878f000 	/System/Library/Frameworks/OpenGL.framework/Versions/A/Libraries/libCVMSPluginSupport.dylib
0x00007ffb1df3b000 	/usr/lib/libRosetta.dylib
0x00007ffa1877a000 	/System/Library/Frameworks/OpenGL.framework/Versions/A/Libraries/libCoreVMClient.dylib
0x00007ff80e055000 	/System/Library/Frameworks/MetalPerformanceShaders.framework/Versions/A/Frameworks/MPSCore.framework/Versions/A/MPSCore
0x00007ff80f3f1000 	/System/Library/Frameworks/MetalPerformanceShaders.framework/Versions/A/Frameworks/MPSImage.framework/Versions/A/MPSImage
0x00007ff80ee74000 	/System/Library/Frameworks/MetalPerformanceShaders.framework/Versions/A/Frameworks/MPSNeuralNetwork.framework/Versions/A/MPSNeuralNetwork
0x00007ff80f2e7000 	/System/Library/Frameworks/MetalPerformanceShaders.framework/Versions/A/Frameworks/MPSMatrix.framework/Versions/A/MPSMatrix
0x00007ff80f0a2000 	/System/Library/Frameworks/MetalPerformanceShaders.framework/Versions/A/Frameworks/MPSRayIntersector.framework/Versions/A/MPSRayIntersector
0x00007ff80f322000 	/System/Library/Frameworks/MetalPerformanceShaders.framework/Versions/A/Frameworks/MPSNDArray.framework/Versions/A/MPSNDArray
0x00007ffa1ccb0000 	/System/Library/Frameworks/MetalPerformanceShaders.framework/Versions/A/Frameworks/MPSFunctions.framework/Versions/A/MPSFunctions
0x00007ff803eae000 	/System/Library/PrivateFrameworks/MetalTools.framework/Versions/A/MetalTools
0x00007ff80e0d6000 	/System/Library/PrivateFrameworks/AggregateDictionary.framework/Versions/A/AggregateDictionary
0x00007ff810346000 	/usr/lib/libIOReport.dylib
0x00007ffa19462000 	/System/Library/Frameworks/OpenCL.framework/Versions/A/OpenCL
0x00007ff8106ee000 	/System/Library/PrivateFrameworks/GraphVisualizer.framework/Versions/A/GraphVisualizer
0x00007ffb066d8000 	/System/Library/PrivateFrameworks/FontServices.framework/Versions/A/FontServices
0x00007ff810b17000 	/System/Library/PrivateFrameworks/OTSVG.framework/Versions/A/OTSVG
0x00007ff80bb07000 	/System/Library/Frameworks/ApplicationServices.framework/Versions/A/Frameworks/ATS.framework/Versions/A/Resources/libFontRegistry.dylib
0x00007ff810b66000 	/System/Library/PrivateFrameworks/FontServices.framework/libhvf.dylib
0x00007ffb066d9000 	/System/Library/PrivateFrameworks/FontServices.framework/libXTFontStaticRegistryData.dylib
0x00007ffb1755a000 	/System/Library/PrivateFrameworks/VideoToolboxParavirtualizationSupport.framework/Versions/A/VideoToolboxParavirtualizationSupport
0x00007ff810558000 	/System/Library/PrivateFrameworks/AppleVA.framework/Versions/A/AppleVA
0x00007ff8127e7000 	/System/Library/Frameworks/ApplicationServices.framework/Versions/A/Frameworks/ATS.framework/Versions/A/ATS
0x00007ff809037000 	/System/Library/Frameworks/ApplicationServices.framework/Versions/A/Frameworks/HIServices.framework/Versions/A/HIServices
0x00007ff811632000 	/System/Library/Frameworks/ApplicationServices.framework/Versions/A/Frameworks/PrintCore.framework/Versions/A/PrintCore
0x00007ff812b99000 	/System/Library/Frameworks/ApplicationServices.framework/Versions/A/Frameworks/QD.framework/Versions/A/QD
0x00007ff812b91000 	/System/Library/Frameworks/ApplicationServices.framework/Versions/A/Frameworks/ColorSyncLegacy.framework/Versions/A/ColorSyncLegacy
0x00007ff8127bf000 	/System/Library/Frameworks/ApplicationServices.framework/Versions/A/Frameworks/SpeechSynthesis.framework/Versions/A/SpeechSynthesis
0x00007ff8115f0000 	/System/Library/Frameworks/ApplicationServices.framework/Versions/A/Frameworks/ATSUI.framework/Versions/A/ATSUI
0x00007ff812b24000 	/usr/lib/libcups.2.dylib
0x00007ff812ef5000 	/System/Library/Frameworks/Kerberos.framework/Versions/A/Kerberos
0x00007ff812f04000 	/System/Library/Frameworks/GSS.framework/Versions/A/GSS
0x00007ff812855000 	/usr/lib/libresolv.9.dylib
0x00007ff810b77000 	/System/Library/PrivateFrameworks/Heimdal.framework/Versions/A/Heimdal
0x00007ff819c20000 	/System/Library/Frameworks/Kerberos.framework/Versions/A/Libraries/libHeimdalProxy.dylib
0x00007ff812f4f000 	/System/Library/PrivateFrameworks/CommonAuth.framework/Versions/A/CommonAuth
0x00007ffa1ac3f000 	/System/Library/Frameworks/AVFAudio.framework/Versions/A/AVFAudio
0x00007ff820ffb000 	/System/Library/PrivateFrameworks/AXCoreUtilities.framework/Versions/A/AXCoreUtilities
0x00007ff81273b000 	/System/Library/PrivateFrameworks/AudioSession.framework/Versions/A/AudioSession
0x00007ff813d1c000 	/System/Library/Frameworks/IOBluetooth.framework/Versions/A/IOBluetooth
0x00007ff81065e000 	/System/Library/PrivateFrameworks/MediaExperience.framework/Versions/A/MediaExperience
0x00007ff8125e3000 	/System/Library/PrivateFrameworks/AudioSession.framework/libSessionUtility.dylib
0x00007ff812ba5000 	/System/Library/PrivateFrameworks/AudioResourceArbitration.framework/Versions/A/AudioResourceArbitration
0x00007ff816c6b000 	/System/Library/PrivateFrameworks/PowerLog.framework/Versions/A/PowerLog
0x00007ff816bad000 	/System/Library/Frameworks/CoreBluetooth.framework/Versions/A/CoreBluetooth
0x00007ff819c21000 	/System/Library/Frameworks/AudioUnit.framework/Versions/A/AudioUnit
0x00007ff80eb6f000 	/System/Library/PrivateFrameworks/CoreUtils.framework/Versions/A/CoreUtils
0x00007ffb052ad000 	/System/Library/PrivateFrameworks/CoreUtilsExtras.framework/Versions/A/CoreUtilsExtras
0x00007ffb09f55000 	/System/Library/PrivateFrameworks/IO80211.framework/Versions/A/IO80211
0x00007ff8105cc000 	/System/Library/PrivateFrameworks/IconFoundation.framework/Versions/A/IconFoundation
0x00007ff815c82000 	/System/Library/PrivateFrameworks/SpeechRecognitionCore.framework/Versions/A/SpeechRecognitionCore
0x000000010a390000 	/Users/macbook/Library/Java/JavaVirtualMachines/openjdk-17.0.1/Contents/Home/lib/server/libjvm.dylib
0x0000000109373000 	/Users/macbook/Library/Java/JavaVirtualMachines/openjdk-17.0.1/Contents/Home/lib/libjimage.dylib
0x0000000109400000 	/Users/macbook/Library/Java/JavaVirtualMachines/openjdk-17.0.1/Contents/Home/lib/libjava.dylib


VM Arguments:
jvm_args: -Xmx64m -Xms64m -Dorg.gradle.appname=gradlew 
java_command: org.gradle.wrapper.GradleWrapperMain -h
java_class_path (initial): /Users/macbook/AndroidStudioProjects/Karla/gradle/wrapper/gradle-wrapper.jar
Launcher Type: SUN_STANDARD

[Global flags]
     uint ConcGCThreads                            = 2                                         {product} {ergonomic}
     uint G1ConcRefinementThreads                  = 8                                         {product} {ergonomic}
    uintx GCDrainStackTargetSize                   = 64                                        {product} {ergonomic}
   size_t InitialHeapSize                          = 67108864                                  {product} {command line}
   size_t MarkStackSize                            = 4194304                                   {product} {ergonomic}
   size_t MaxHeapSize                              = 67108864                                  {product} {command line}
   size_t MinHeapSize                              = 67108864                                  {product} {command line}
    uintx ReservedCodeCacheSize                    = 251658240                              {pd product} {ergonomic}
     bool SegmentedCodeCache                       = true                                      {product} {ergonomic}
     bool UseCompressedClassPointers               = true                           {product lp64_product} {ergonomic}
     bool UseCompressedOops                        = true                           {product lp64_product} {ergonomic}
     bool UseG1GC                                  = true                                      {product} {ergonomic}
     bool UseNUMA                                  = false                                     {product} {ergonomic}
     bool UseNUMAInterleaving                      = false                                     {product} {ergonomic}

Logging:
Log output configuration:
 #0: stdout all=warning uptime,level,tags
 #1: stderr all=off uptime,level,tags

Environment Variables:
PATH=/Users/macbook/.asdf/shims:/opt/homebrew/opt/asdf/libexec/bin:/opt/homebrew/opt/awscli/bin:/opt/homebrew/lib/ruby/gems/3.2.0/bin:/opt/homebrew/opt/ruby/bin://Users/macbook/Documents/datomic-cli:/opt/homebrew/bin:/opt/homebrew/sbin:/usr/local/bin:/System/Cryptexes/App/usr/bin:/usr/bin:/bin:/usr/sbin:/sbin:/Applications/VMware Fusion.app/Contents/Public:/opt/X11/bin:/Library/Apple/usr/bin://Users/macbook/flutter/bin://Users/macbook/Library/Android/sdk/tools:/Users/macbook/Library/Android/sdk/platform-tools://Users/macbook/Documents/datomic-cli:/opt/homebrew/bin:/opt/homebrew/sbin:/usr/local/bin:/System/Cryptexes/App/usr/bin:/usr/bin:/bin:/usr/sbin:/sbin:/Applications/VMware Fusion.app/Contents/Public:/opt/X11/bin:/Library/Apple/usr/bin://Users/macbook/flutter/bin
SHELL=/bin/zsh
DISPLAY=/private/tmp/com.apple.launchd.sbjlinWxVH/org.xquartz:0
LC_CTYPE=en_US.UTF-8

Signal Handlers:
   SIGSEGV: crash_handler in libjvm.dylib, mask=11100110100111111111111111111111, flags=SA_RESTART|SA_SIGINFO
    SIGBUS: crash_handler in libjvm.dylib, mask=11100110100111111111111111111111, flags=SA_RESTART|SA_SIGINFO
    SIGFPE: crash_handler in libjvm.dylib, mask=11100110100111111111111111111111, flags=SA_RESTART|SA_SIGINFO
   SIGPIPE: javaSignalHandler in libjvm.dylib, mask=11100110100111111111111111111111, flags=SA_RESTART|SA_SIGINFO
   SIGXFSZ: javaSignalHandler in libjvm.dylib, mask=11100110100111111111111111111111, flags=SA_RESTART|SA_SIGINFO
    SIGILL: crash_handler in libjvm.dylib, mask=11100110100111111111111111111111, flags=SA_RESTART|SA_SIGINFO
   SIGUSR2: SR_handler in libjvm.dylib, mask=00000000000000000000000000000000, flags=SA_RESTART|SA_SIGINFO
    SIGHUP: SIG_DFL, mask=00000000000000000000000000000000, flags=none
    SIGINT: SIG_DFL, mask=00000000000000000000000000000000, flags=none
   SIGTERM: SIG_DFL, mask=00000000000000000000000000000000, flags=SA_RESTART
   SIGQUIT: SIG_DFL, mask=00000000000000000000000000000000, flags=none
   SIGTRAP: crash_handler in libjvm.dylib, mask=11100110100111111111111111111111, flags=SA_RESTART|SA_SIGINFO


---------------  S Y S T E M  ---------------

OS:
uname: Darwin 22.1.0 Darwin Kernel Version 22.1.0: Sun Oct  9 20:14:30 PDT 2022; root:xnu-8792.41.9~2/RELEASE_ARM64_T8103 x86_64
OS uptime: 0 days 0:56 hours
rlimit (soft/hard): STACK 8176k/65520k , CORE 0k/infinity , NPROC 1333/2000 , NOFILE 10240/infinity , AS infinity/infinity , CPU infinity/infinity , DATA infinity/infinity , FSIZE infinity/infinity , MEMLOCK infinity/infinity , RSS infinity/infinity
load average: 2.36 4.00 3.96

CPU: (EMULATED) total 8 (initial active 8) 

Memory: 4k page, physical 8388608k(36348k free), swap 2097152k(1162752k free)

vm_info: OpenJDK 64-Bit Server VM (17.0.1+12-39) for bsd-amd64 JRE (17.0.1+12-39), built on Sep 27 2021 17:37:19 by "mach5one" with clang Apple LLVM 12.0.0 (clang-1200.0.32.29)

END.
